d:\temporary_files\developex\webfinder\debug\vc140.pdb
d:\temporary_files\developex\webfinder\debug\qrc_myresources.obj
d:\temporary_files\developex\webfinder\debug\urlpage.obj
d:\temporary_files\developex\webfinder\debug\model.obj
d:\temporary_files\developex\webfinder\debug\moc_mainwindow.obj
d:\temporary_files\developex\webfinder\debug\mainwindow.obj
d:\temporary_files\developex\webfinder\debug\main.obj
d:\temporary_files\developex\webfinder\debug\controller.obj
d:\temporary_files\developex\webfinder\debug\moc_mainwindow.cpp
d:\temporary_files\developex\webfinder\debug\qrc_myresources.cpp
d:\temporary_files\developex\webfinder\debug\webfinder.ilk
d:\temporary_files\developex\webfinder\debug\webfinder.exe
d:\temporary_files\developex\webfinder\debug\webfinder.pdb
d:\temporary_files\developex\webfinder\debug\webfinder.tlog\cl.command.1.tlog
d:\temporary_files\developex\webfinder\debug\webfinder.tlog\cl.read.1.tlog
d:\temporary_files\developex\webfinder\debug\webfinder.tlog\cl.write.1.tlog
d:\temporary_files\developex\webfinder\debug\webfinder.tlog\custombuild.command.1.tlog
d:\temporary_files\developex\webfinder\debug\webfinder.tlog\custombuild.read.1.tlog
d:\temporary_files\developex\webfinder\debug\webfinder.tlog\custombuild.write.1.tlog
d:\temporary_files\developex\webfinder\debug\webfinder.tlog\link.command.1.tlog
d:\temporary_files\developex\webfinder\debug\webfinder.tlog\link.read.1.tlog
d:\temporary_files\developex\webfinder\debug\webfinder.tlog\link.write.1.tlog
